<?xml version="1.0" encoding="UTF-8"?>
<testng-results ignored="0" total="1" passed="1" failed="0" skipped="0">
  <reporter-output>
  </reporter-output>
  <suite started-at="2025-05-25T21:31:53 WIB" name="Suite Test Web eCommerce" finished-at="2025-05-25T21:32:10 WIB" duration-ms="16519">
    <groups>
    </groups>
    <test started-at="2025-05-25T21:31:53 WIB" name="Drag And Drop Test" finished-at="2025-05-25T21:32:10 WIB" duration-ms="16519">
      <class name="com.juaracoding.selenium.drag_and_drop.testCases.DragAndDropTest">
        <test-method is-config="true" signature="setup(java.lang.String)[pri:0, instance:com.juaracoding.selenium.drag_and_drop.testCases.DragAndDropTest@6f03482]" started-at="2025-05-25T21:31:53 WIB" name="setup" finished-at="2025-05-25T21:32:01 WIB" duration-ms="8169" status="PASS">
          <params>
            <param index="0">
              <value>
                <![CDATA[http://www.dhtmlgoodies.com/packages/dhtml-suite-for-applications/demos/demo-drag-drop-3.html]]>
              </value>
            </param>
          </params>
          <reporter-output>
          </reporter-output>
        </test-method> <!-- setup -->
        <test-method signature="dragAndDropTest()[pri:0, instance:com.juaracoding.selenium.drag_and_drop.testCases.DragAndDropTest@6f03482]" started-at="2025-05-25T21:32:01 WIB" name="dragAndDropTest" finished-at="2025-05-25T21:32:09 WIB" duration-ms="8020" status="PASS">
          <reporter-output>
          </reporter-output>
        </test-method> <!-- dragAndDropTest -->
        <test-method is-config="true" signature="tearDown()[pri:0, instance:com.juaracoding.selenium.drag_and_drop.testCases.DragAndDropTest@6f03482]" started-at="2025-05-25T21:32:09 WIB" name="tearDown" finished-at="2025-05-25T21:32:10 WIB" duration-ms="294" status="PASS">
          <reporter-output>
          </reporter-output>
        </test-method> <!-- tearDown -->
      </class> <!-- com.juaracoding.selenium.drag_and_drop.testCases.DragAndDropTest -->
    </test> <!-- Drag And Drop Test -->
  </suite> <!-- Suite Test Web eCommerce -->
</testng-results>
