<?xml version="1.0" encoding="UTF-8"?>
<testng-results ignored="0" total="2" passed="2" failed="0" skipped="0">
  <reporter-output>
    <line>
      <![CDATA[Gagal ngambil screenshot: Cannot invoke "org.openqa.selenium.TakesScreenshot.getScreenshotAs(org.openqa.selenium.OutputType)" because "driver" is null]]>
    </line>
    <line>
      <![CDATA[<a href='D:\eclipse-workspace\selenium/screenshots/setup_after.png' target='_blank'>Screnshoot</a>]]>
    </line>
    <line>
      <![CDATA[<br /><img src='D:\eclipse-workspace\selenium/screenshots/setup_after.png' style='width: 20vw;' />]]>
    </line>
    <line>
      <![CDATA[<a href='D:\eclipse-workspace\selenium/screenshots/dragAndDropTest_before.png' target='_blank'>Screnshoot</a>]]>
    </line>
    <line>
      <![CDATA[<br /><img src='D:\eclipse-workspace\selenium/screenshots/dragAndDropTest_before.png' style='width: 20vw;' />]]>
    </line>
    <line>
      <![CDATA[<a href='D:\eclipse-workspace\selenium/screenshots/dragAndDropTest_after.png' target='_blank'>Screnshoot</a>]]>
    </line>
    <line>
      <![CDATA[<br /><img src='D:\eclipse-workspace\selenium/screenshots/dragAndDropTest_after.png' style='width: 20vw;' />]]>
    </line>
    <line>
      <![CDATA[<a href='D:\eclipse-workspace\selenium/screenshots/dragAndDropToBeginning_before.png' target='_blank'>Screnshoot</a>]]>
    </line>
    <line>
      <![CDATA[<br /><img src='D:\eclipse-workspace\selenium/screenshots/dragAndDropToBeginning_before.png' style='width: 20vw;' />]]>
    </line>
    <line>
      <![CDATA[<a href='D:\eclipse-workspace\selenium/screenshots/dragAndDropToBeginning_after.png' target='_blank'>Screnshoot</a>]]>
    </line>
    <line>
      <![CDATA[<br /><img src='D:\eclipse-workspace\selenium/screenshots/dragAndDropToBeginning_after.png' style='width: 20vw;' />]]>
    </line>
    <line>
      <![CDATA[<a href='D:\eclipse-workspace\selenium/screenshots/tearDown_before.png' target='_blank'>Screnshoot</a>]]>
    </line>
    <line>
      <![CDATA[<br /><img src='D:\eclipse-workspace\selenium/screenshots/tearDown_before.png' style='width: 20vw;' />]]>
    </line>
    <line>
      <![CDATA[Gagal ngambil screenshot: Session ID is null. Using WebDriver after calling quit()?
Build info: version: '4.32.0', revision: 'd17c8aa950'
System info: os.name: 'Windows 11', os.arch: 'amd64', os.version: '10.0', java.version: '22'
Driver info: org.openqa.selenium.chrome.ChromeDriver
Command: [null, screenshot {}]
Capabilities {acceptInsecureCerts: false, browserName: chrome, browserVersion: 136.0.7103.114, chrome: {chromedriverVersion: 136.0.7103.113 (76fa3c17824..., userDataDir: C:\Users\USER\AppData\Local...}, fedcm:accounts: true, goog:chromeOptions: {debuggerAddress: localhost:35740}, networkConnectionEnabled: false, pageLoadStrategy: normal, platformName: windows, proxy: Proxy(), se:cdp: ws://localhost:35740/devtoo..., se:cdpVersion: 136.0.7103.114, setWindowRect: true, strictFileInteractability: false, timeouts: {implicit: 0, pageLoad: 300000, script: 30000}, unhandledPromptBehavior: dismiss and notify, webauthn:extension:credBlob: true, webauthn:extension:largeBlob: true, webauthn:extension:minPinLength: true, webauthn:extension:prf: true, webauthn:virtualAuthenticators: true}]]>
    </line>
  </reporter-output>
  <suite started-at="2025-05-26T21:00:45 WIB" name="Suite Test Web eCommerce" finished-at="2025-05-26T21:01:01 WIB" duration-ms="15575">
    <groups>
    </groups>
    <test started-at="2025-05-26T21:00:45 WIB" name="Drag And Drop Test" finished-at="2025-05-26T21:01:01 WIB" duration-ms="15575">
      <class name="com.juaracoding.selenium.drag_and_drop.testCases.DragAndDropTest">
        <test-method is-config="true" signature="setup(java.lang.String,org.testng.ITestContext)[pri:0, instance:com.juaracoding.selenium.drag_and_drop.testCases.DragAndDropTest@1fa121e2]" started-at="2025-05-26T21:00:45 WIB" name="setup" finished-at="2025-05-26T21:00:54 WIB" duration-ms="9380" status="PASS">
          <params>
            <param index="0">
              <value>
                <![CDATA[http://www.dhtmlgoodies.com/packages/dhtml-suite-for-applications/demos/demo-drag-drop-3.html]]>
              </value>
            </param>
            <param index="1">
              <value>
                <![CDATA[org.testng.TestRunner@4f8caaf3]]>
              </value>
            </param>
          </params>
          <reporter-output>
            <line>
              <![CDATA[<a href='D:\eclipse-workspace\selenium/screenshots/setup_after.png' target='_blank'>Screnshoot</a>]]>
            </line>
            <line>
              <![CDATA[<br /><img src='D:\eclipse-workspace\selenium/screenshots/setup_after.png' style='width: 20vw;' />]]>
            </line>
          </reporter-output>
        </test-method> <!-- setup -->
        <test-method signature="dragAndDropTest()[pri:0, instance:com.juaracoding.selenium.drag_and_drop.testCases.DragAndDropTest@1fa121e2]" started-at="2025-05-26T21:00:55 WIB" name="dragAndDropTest" finished-at="2025-05-26T21:00:58 WIB" duration-ms="3100" status="PASS">
          <reporter-output>
            <line>
              <![CDATA[<a href='D:\eclipse-workspace\selenium/screenshots/dragAndDropTest_before.png' target='_blank'>Screnshoot</a>]]>
            </line>
            <line>
              <![CDATA[<br /><img src='D:\eclipse-workspace\selenium/screenshots/dragAndDropTest_before.png' style='width: 20vw;' />]]>
            </line>
            <line>
              <![CDATA[<a href='D:\eclipse-workspace\selenium/screenshots/dragAndDropTest_after.png' target='_blank'>Screnshoot</a>]]>
            </line>
            <line>
              <![CDATA[<br /><img src='D:\eclipse-workspace\selenium/screenshots/dragAndDropTest_after.png' style='width: 20vw;' />]]>
            </line>
          </reporter-output>
        </test-method> <!-- dragAndDropTest -->
        <test-method signature="dragAndDropToBeginning()[pri:1, instance:com.juaracoding.selenium.drag_and_drop.testCases.DragAndDropTest@1fa121e2]" started-at="2025-05-26T21:00:58 WIB" name="dragAndDropToBeginning" finished-at="2025-05-26T21:01:00 WIB" duration-ms="2263" status="PASS">
          <reporter-output>
            <line>
              <![CDATA[<a href='D:\eclipse-workspace\selenium/screenshots/dragAndDropToBeginning_before.png' target='_blank'>Screnshoot</a>]]>
            </line>
            <line>
              <![CDATA[<br /><img src='D:\eclipse-workspace\selenium/screenshots/dragAndDropToBeginning_before.png' style='width: 20vw;' />]]>
            </line>
            <line>
              <![CDATA[<a href='D:\eclipse-workspace\selenium/screenshots/dragAndDropToBeginning_after.png' target='_blank'>Screnshoot</a>]]>
            </line>
            <line>
              <![CDATA[<br /><img src='D:\eclipse-workspace\selenium/screenshots/dragAndDropToBeginning_after.png' style='width: 20vw;' />]]>
            </line>
          </reporter-output>
        </test-method> <!-- dragAndDropToBeginning -->
        <test-method is-config="true" signature="tearDown()[pri:0, instance:com.juaracoding.selenium.drag_and_drop.testCases.DragAndDropTest@1fa121e2]" started-at="2025-05-26T21:01:00 WIB" name="tearDown" finished-at="2025-05-26T21:01:01 WIB" duration-ms="397" status="PASS">
          <reporter-output>
            <line>
              <![CDATA[Gagal ngambil screenshot: Session ID is null. Using WebDriver after calling quit()?
Build info: version: '4.32.0', revision: 'd17c8aa950'
System info: os.name: 'Windows 11', os.arch: 'amd64', os.version: '10.0', java.version: '22'
Driver info: org.openqa.selenium.chrome.ChromeDriver
Command: [null, screenshot {}]
Capabilities {acceptInsecureCerts: false, browserName: chrome, browserVersion: 136.0.7103.114, chrome: {chromedriverVersion: 136.0.7103.113 (76fa3c17824..., userDataDir: C:\Users\USER\AppData\Local...}, fedcm:accounts: true, goog:chromeOptions: {debuggerAddress: localhost:35740}, networkConnectionEnabled: false, pageLoadStrategy: normal, platformName: windows, proxy: Proxy(), se:cdp: ws://localhost:35740/devtoo..., se:cdpVersion: 136.0.7103.114, setWindowRect: true, strictFileInteractability: false, timeouts: {implicit: 0, pageLoad: 300000, script: 30000}, unhandledPromptBehavior: dismiss and notify, webauthn:extension:credBlob: true, webauthn:extension:largeBlob: true, webauthn:extension:minPinLength: true, webauthn:extension:prf: true, webauthn:virtualAuthenticators: true}]]>
            </line>
          </reporter-output>
        </test-method> <!-- tearDown -->
      </class> <!-- com.juaracoding.selenium.drag_and_drop.testCases.DragAndDropTest -->
    </test> <!-- Drag And Drop Test -->
  </suite> <!-- Suite Test Web eCommerce -->
</testng-results>
