<?xml version="1.0" encoding="UTF-8"?>
<!-- Generated by org.testng.reporters.JUnitXMLReporter -->
<testsuite ignored="0" hostname="LAPTOP-5C0DU07N" failures="0" tests="2" name="Authentication Tests" time="18.564" errors="0" timestamp="2025-05-22T20:20:30 WIB">
  <testcase classname="com.juaracoding.selenium.authentications.SignInWithoutPasswordTest" name="testStep01" time="6.294"/>
  <testcase classname="com.juaracoding.selenium.authentications.SignInWithoutUsernameTest" name="testStep01" time="6.123"/>
</testsuite> <!-- Authentication Tests -->
