<?xml version="1.0" encoding="UTF-8"?>
<!-- Generated by org.testng.reporters.JUnitXMLReporter -->
<testsuite ignored="0" hostname="LAPTOP-5C0DU07N" failures="0" tests="2" name="Drag And Drop Test" time="15.575" errors="0" timestamp="2025-05-26T21:01:01 WIB">
  <testcase classname="com.juaracoding.selenium.drag_and_drop.testCases.DragAndDropTest" name="dragAndDropTest" time="3.1"/>
  <testcase classname="com.juaracoding.selenium.drag_and_drop.testCases.DragAndDropTest" name="dragAndDropToBeginning" time="2.263"/>
</testsuite> <!-- Drag And Drop Test -->
